2024-04-10 11:36:07,168 - ERROR - Failed to download video ID v5ErHv7hOxE: Command '['yt-dlp', 'https://www.youtube.com/watch?v=v5ErHv7hOxE', '--output', 'data/youtube_videos/vid_v5ErHv7hOxE.%(ext)s', '-f', 'bestvideo[ext=mp4]+bestaudio[ext=m4a]/best[ext=mp4]/best', '--external-downloader', 'aria2c', '--external-downloader-args', '-x 8 -s 8 -k 1M --console-log-level=warn --quiet=true', '--progress']' returned non-zero exit status 1.
2024-04-10 11:36:07,225 - ERROR - Failed to download video ID yhoNUHvhX2M: Command '['yt-dlp', 'https://www.youtube.com/watch?v=yhoNUHvhX2M', '--output', 'data/youtube_videos/vid_yhoNUHvhX2M.%(ext)s', '-f', 'bestvideo[ext=mp4]+bestaudio[ext=m4a]/best[ext=mp4]/best', '--external-downloader', 'aria2c', '--external-downloader-args', '-x 8 -s 8 -k 1M --console-log-level=warn --quiet=true', '--progress']' returned non-zero exit status 1.
2024-04-10 11:36:20,275 - INFO - Successfully downloaded video ID vJK6TN6FAKg to data/youtube_videos/vid_vJK6TN6FAKg.mp4
2024-04-10 11:36:21,971 - INFO - Successfully downloaded video ID V6nYRzhq54E to data/youtube_videos/vid_V6nYRzhq54E.mp4
2024-04-10 11:36:25,748 - INFO - Successfully downloaded video ID -QJw7ZjxAbw to data/youtube_videos/vid_-QJw7ZjxAbw.mp4
2024-04-10 11:36:25,762 - INFO - Successfully downloaded video ID M47oV0hSvKk to data/youtube_videos/vid_M47oV0hSvKk.mp4
2024-04-10 11:36:27,836 - INFO - Successfully downloaded video ID 5Zr7xZJxyF0 to data/youtube_videos/vid_5Zr7xZJxyF0.mp4
2024-04-10 11:36:29,437 - INFO - Successfully downloaded video ID 8zK2AIGDQfU to data/youtube_videos/vid_8zK2AIGDQfU.mp4
2024-04-10 11:36:31,574 - INFO - Successfully downloaded video ID gbbW_E0eeOs to data/youtube_videos/vid_gbbW_E0eeOs.mp4
2024-04-10 11:36:32,408 - INFO - Successfully downloaded video ID luz0cF5MesQ to data/youtube_videos/vid_luz0cF5MesQ.mp4
2024-04-10 11:36:36,701 - INFO - Successfully downloaded video ID WRHhdRaOd2M to data/youtube_videos/vid_WRHhdRaOd2M.mp4
2024-04-10 11:36:38,406 - INFO - Successfully downloaded video ID FfxVL1NpJ_E to data/youtube_videos/vid_FfxVL1NpJ_E.mp4
2024-04-10 11:36:38,603 - INFO - Successfully downloaded video ID bCwwPZRe_V4 to data/youtube_videos/vid_bCwwPZRe_V4.mp4
2024-04-10 11:36:40,275 - ERROR - Failed to download video ID 59Rec8bwO10: Command '['yt-dlp', 'https://www.youtube.com/watch?v=59Rec8bwO10', '--output', 'data/youtube_videos/vid_59Rec8bwO10.%(ext)s', '-f', 'bestvideo[ext=mp4]+bestaudio[ext=m4a]/best[ext=mp4]/best', '--external-downloader', 'aria2c', '--external-downloader-args', '-x 8 -s 8 -k 1M --console-log-level=warn --quiet=true', '--progress']' returned non-zero exit status 1.
2024-04-10 11:36:48,149 - INFO - Successfully downloaded video ID BBq4Dfrwn6s to data/youtube_videos/vid_BBq4Dfrwn6s.mp4
2024-04-10 11:36:53,127 - INFO - Successfully downloaded video ID Ch9y34ah7UY to data/youtube_videos/vid_Ch9y34ah7UY.mp4
2024-04-10 11:36:53,318 - INFO - Successfully downloaded video ID ij7a0x42eug to data/youtube_videos/vid_ij7a0x42eug.mp4
2024-04-10 11:36:55,593 - ERROR - Failed to download video ID 8Ry03wighAU: Command '['yt-dlp', 'https://www.youtube.com/watch?v=8Ry03wighAU', '--output', 'data/youtube_videos/vid_8Ry03wighAU.%(ext)s', '-f', 'bestvideo[ext=mp4]+bestaudio[ext=m4a]/best[ext=mp4]/best', '--external-downloader', 'aria2c', '--external-downloader-args', '-x 8 -s 8 -k 1M --console-log-level=warn --quiet=true', '--progress']' returned non-zero exit status 1.
2024-04-10 11:36:56,398 - INFO - Successfully downloaded video ID yA9J2Ku_QtA to data/youtube_videos/vid_yA9J2Ku_QtA.mp4
2024-04-10 11:36:56,539 - INFO - Successfully downloaded video ID ddQvLc0Xx7g to data/youtube_videos/vid_ddQvLc0Xx7g.mp4
2024-04-10 11:36:56,738 - INFO - Successfully downloaded video ID 33lL-YVxNlY to data/youtube_videos/vid_33lL-YVxNlY.mp4
2024-04-10 11:37:04,566 - ERROR - Failed to download video ID ZUi6g4i500Y: Command '['yt-dlp', 'https://www.youtube.com/watch?v=ZUi6g4i500Y', '--output', 'data/youtube_videos/vid_ZUi6g4i500Y.%(ext)s', '-f', 'bestvideo[ext=mp4]+bestaudio[ext=m4a]/best[ext=mp4]/best', '--external-downloader', 'aria2c', '--external-downloader-args', '-x 8 -s 8 -k 1M --console-log-level=warn --quiet=true', '--progress']' returned non-zero exit status 1.
2024-04-10 11:37:07,069 - ERROR - Failed to download video ID u7Csig7_fqw: Command '['yt-dlp', 'https://www.youtube.com/watch?v=u7Csig7_fqw', '--output', 'data/youtube_videos/vid_u7Csig7_fqw.%(ext)s', '-f', 'bestvideo[ext=mp4]+bestaudio[ext=m4a]/best[ext=mp4]/best', '--external-downloader', 'aria2c', '--external-downloader-args', '-x 8 -s 8 -k 1M --console-log-level=warn --quiet=true', '--progress']' returned non-zero exit status 1.
2024-04-10 11:37:09,800 - INFO - Successfully downloaded video ID -6BvA4U1dLI to data/youtube_videos/vid_-6BvA4U1dLI.mp4
2024-04-10 11:37:12,381 - INFO - Successfully downloaded video ID WkOZlOEGRHY to data/youtube_videos/vid_WkOZlOEGRHY.mp4
2024-04-10 11:37:21,120 - ERROR - Failed to download video ID ymat3_og2Mo: Command '['yt-dlp', 'https://www.youtube.com/watch?v=ymat3_og2Mo', '--output', 'data/youtube_videos/vid_ymat3_og2Mo.%(ext)s', '-f', 'bestvideo[ext=mp4]+bestaudio[ext=m4a]/best[ext=mp4]/best', '--external-downloader', 'aria2c', '--external-downloader-args', '-x 8 -s 8 -k 1M --console-log-level=warn --quiet=true', '--progress']' returned non-zero exit status 1.
2024-04-10 11:37:37,871 - ERROR - Failed to download video ID 7rrstPmLe7g: Command '['yt-dlp', 'https://www.youtube.com/watch?v=7rrstPmLe7g', '--output', 'data/youtube_videos/vid_7rrstPmLe7g.%(ext)s', '-f', 'bestvideo[ext=mp4]+bestaudio[ext=m4a]/best[ext=mp4]/best', '--external-downloader', 'aria2c', '--external-downloader-args', '-x 8 -s 8 -k 1M --console-log-level=warn --quiet=true', '--progress']' returned non-zero exit status 1.
2024-04-10 11:37:37,873 - ERROR - Failed to download video ID 6ud2k9M8ayQ: Command '['yt-dlp', 'https://www.youtube.com/watch?v=6ud2k9M8ayQ', '--output', 'data/youtube_videos/vid_6ud2k9M8ayQ.%(ext)s', '-f', 'bestvideo[ext=mp4]+bestaudio[ext=m4a]/best[ext=mp4]/best', '--external-downloader', 'aria2c', '--external-downloader-args', '-x 8 -s 8 -k 1M --console-log-level=warn --quiet=true', '--progress']' returned non-zero exit status 1.
2024-04-10 11:37:37,895 - ERROR - Failed to download video ID H_S3E17wXko: Command '['yt-dlp', 'https://www.youtube.com/watch?v=H_S3E17wXko', '--output', 'data/youtube_videos/vid_H_S3E17wXko.%(ext)s', '-f', 'bestvideo[ext=mp4]+bestaudio[ext=m4a]/best[ext=mp4]/best', '--external-downloader', 'aria2c', '--external-downloader-args', '-x 8 -s 8 -k 1M --console-log-level=warn --quiet=true', '--progress']' returned non-zero exit status 1.
2024-04-10 11:37:37,895 - ERROR - Failed to download video ID QPQbqboCSZA: Command '['yt-dlp', 'https://www.youtube.com/watch?v=QPQbqboCSZA', '--output', 'data/youtube_videos/vid_QPQbqboCSZA.%(ext)s', '-f', 'bestvideo[ext=mp4]+bestaudio[ext=m4a]/best[ext=mp4]/best', '--external-downloader', 'aria2c', '--external-downloader-args', '-x 8 -s 8 -k 1M --console-log-level=warn --quiet=true', '--progress']' returned non-zero exit status 1.
2024-04-10 11:37:37,895 - ERROR - Failed to download video ID Bpn4Wm5R6d8: Command '['yt-dlp', 'https://www.youtube.com/watch?v=Bpn4Wm5R6d8', '--output', 'data/youtube_videos/vid_Bpn4Wm5R6d8.%(ext)s', '-f', 'bestvideo[ext=mp4]+bestaudio[ext=m4a]/best[ext=mp4]/best', '--external-downloader', 'aria2c', '--external-downloader-args', '-x 8 -s 8 -k 1M --console-log-level=warn --quiet=true', '--progress']' returned non-zero exit status 1.
2024-04-10 11:37:37,895 - ERROR - Failed to download video ID sGKzgl5ErX4: Command '['yt-dlp', 'https://www.youtube.com/watch?v=sGKzgl5ErX4', '--output', 'data/youtube_videos/vid_sGKzgl5ErX4.%(ext)s', '-f', 'bestvideo[ext=mp4]+bestaudio[ext=m4a]/best[ext=mp4]/best', '--external-downloader', 'aria2c', '--external-downloader-args', '-x 8 -s 8 -k 1M --console-log-level=warn --quiet=true', '--progress']' returned non-zero exit status 1.
2024-04-10 11:37:37,895 - ERROR - Failed to download video ID VWsZQzWmo14: Command '['yt-dlp', 'https://www.youtube.com/watch?v=VWsZQzWmo14', '--output', 'data/youtube_videos/vid_VWsZQzWmo14.%(ext)s', '-f', 'bestvideo[ext=mp4]+bestaudio[ext=m4a]/best[ext=mp4]/best', '--external-downloader', 'aria2c', '--external-downloader-args', '-x 8 -s 8 -k 1M --console-log-level=warn --quiet=true', '--progress']' returned non-zero exit status 1.
2024-04-10 11:37:37,895 - ERROR - Failed to download video ID UjWMd2rM244: Command '['yt-dlp', 'https://www.youtube.com/watch?v=UjWMd2rM244', '--output', 'data/youtube_videos/vid_UjWMd2rM244.%(ext)s', '-f', 'bestvideo[ext=mp4]+bestaudio[ext=m4a]/best[ext=mp4]/best', '--external-downloader', 'aria2c', '--external-downloader-args', '-x 8 -s 8 -k 1M --console-log-level=warn --quiet=true', '--progress']' returned non-zero exit status 1.
2024-04-10 11:37:37,895 - ERROR - Failed to download video ID dA5qjZUoBh4: Command '['yt-dlp', 'https://www.youtube.com/watch?v=dA5qjZUoBh4', '--output', 'data/youtube_videos/vid_dA5qjZUoBh4.%(ext)s', '-f', 'bestvideo[ext=mp4]+bestaudio[ext=m4a]/best[ext=mp4]/best', '--external-downloader', 'aria2c', '--external-downloader-args', '-x 8 -s 8 -k 1M --console-log-level=warn --quiet=true', '--progress']' returned non-zero exit status 1.
2024-04-10 11:37:37,896 - ERROR - Failed to download video ID pkPWIIG3Ejc: Command '['yt-dlp', 'https://www.youtube.com/watch?v=pkPWIIG3Ejc', '--output', 'data/youtube_videos/vid_pkPWIIG3Ejc.%(ext)s', '-f', 'bestvideo[ext=mp4]+bestaudio[ext=m4a]/best[ext=mp4]/best', '--external-downloader', 'aria2c', '--external-downloader-args', '-x 8 -s 8 -k 1M --console-log-level=warn --quiet=true', '--progress']' returned non-zero exit status 1.
2024-04-10 11:37:37,897 - ERROR - Failed to download video ID 3ouZ5fxd5j0: Command '['yt-dlp', 'https://www.youtube.com/watch?v=3ouZ5fxd5j0', '--output', 'data/youtube_videos/vid_3ouZ5fxd5j0.%(ext)s', '-f', 'bestvideo[ext=mp4]+bestaudio[ext=m4a]/best[ext=mp4]/best', '--external-downloader', 'aria2c', '--external-downloader-args', '-x 8 -s 8 -k 1M --console-log-level=warn --quiet=true', '--progress']' returned non-zero exit status 1.
2024-04-10 11:37:37,897 - ERROR - Failed to download video ID tslCj-aDDlI: Command '['yt-dlp', 'https://www.youtube.com/watch?v=tslCj-aDDlI', '--output', 'data/youtube_videos/vid_tslCj-aDDlI.%(ext)s', '-f', 'bestvideo[ext=mp4]+bestaudio[ext=m4a]/best[ext=mp4]/best', '--external-downloader', 'aria2c', '--external-downloader-args', '-x 8 -s 8 -k 1M --console-log-level=warn --quiet=true', '--progress']' returned non-zero exit status 1.
2024-04-10 11:37:37,897 - ERROR - Failed to download video ID 9AO5gVnCoVI: Command '['yt-dlp', 'https://www.youtube.com/watch?v=9AO5gVnCoVI', '--output', 'data/youtube_videos/vid_9AO5gVnCoVI.%(ext)s', '-f', 'bestvideo[ext=mp4]+bestaudio[ext=m4a]/best[ext=mp4]/best', '--external-downloader', 'aria2c', '--external-downloader-args', '-x 8 -s 8 -k 1M --console-log-level=warn --quiet=true', '--progress']' returned non-zero exit status 1.
2024-04-10 11:37:37,897 - ERROR - Failed to download video ID mjUCX_lmmzk: Command '['yt-dlp', 'https://www.youtube.com/watch?v=mjUCX_lmmzk', '--output', 'data/youtube_videos/vid_mjUCX_lmmzk.%(ext)s', '-f', 'bestvideo[ext=mp4]+bestaudio[ext=m4a]/best[ext=mp4]/best', '--external-downloader', 'aria2c', '--external-downloader-args', '-x 8 -s 8 -k 1M --console-log-level=warn --quiet=true', '--progress']' returned non-zero exit status 1.
2024-04-10 11:37:37,910 - ERROR - Failed to download video ID 7p-3VN1_bpw: Command '['yt-dlp', 'https://www.youtube.com/watch?v=7p-3VN1_bpw', '--output', 'data/youtube_videos/vid_7p-3VN1_bpw.%(ext)s', '-f', 'bestvideo[ext=mp4]+bestaudio[ext=m4a]/best[ext=mp4]/best', '--external-downloader', 'aria2c', '--external-downloader-args', '-x 8 -s 8 -k 1M --console-log-level=warn --quiet=true', '--progress']' returned non-zero exit status 1.
2024-04-10 11:37:38,073 - ERROR - Failed to download video ID yK6ClmKwXws: Command '['yt-dlp', 'https://www.youtube.com/watch?v=yK6ClmKwXws', '--output', 'data/youtube_videos/vid_yK6ClmKwXws.%(ext)s', '-f', 'bestvideo[ext=mp4]+bestaudio[ext=m4a]/best[ext=mp4]/best', '--external-downloader', 'aria2c', '--external-downloader-args', '-x 8 -s 8 -k 1M --console-log-level=warn --quiet=true', '--progress']' died with <Signals.SIGINT: 2>.
2024-04-10 11:37:38,073 - ERROR - Failed to download video ID JcKSwn2F9tk: Command '['yt-dlp', 'https://www.youtube.com/watch?v=JcKSwn2F9tk', '--output', 'data/youtube_videos/vid_JcKSwn2F9tk.%(ext)s', '-f', 'bestvideo[ext=mp4]+bestaudio[ext=m4a]/best[ext=mp4]/best', '--external-downloader', 'aria2c', '--external-downloader-args', '-x 8 -s 8 -k 1M --console-log-level=warn --quiet=true', '--progress']' died with <Signals.SIGINT: 2>.
2024-04-10 11:37:38,073 - ERROR - Failed to download video ID zLTOawVKXEA: Command '['yt-dlp', 'https://www.youtube.com/watch?v=zLTOawVKXEA', '--output', 'data/youtube_videos/vid_zLTOawVKXEA.%(ext)s', '-f', 'bestvideo[ext=mp4]+bestaudio[ext=m4a]/best[ext=mp4]/best', '--external-downloader', 'aria2c', '--external-downloader-args', '-x 8 -s 8 -k 1M --console-log-level=warn --quiet=true', '--progress']' died with <Signals.SIGINT: 2>.
2024-04-10 11:37:38,074 - ERROR - Failed to download video ID hp2UQY0Ywqs: Command '['yt-dlp', 'https://www.youtube.com/watch?v=hp2UQY0Ywqs', '--output', 'data/youtube_videos/vid_hp2UQY0Ywqs.%(ext)s', '-f', 'bestvideo[ext=mp4]+bestaudio[ext=m4a]/best[ext=mp4]/best', '--external-downloader', 'aria2c', '--external-downloader-args', '-x 8 -s 8 -k 1M --console-log-level=warn --quiet=true', '--progress']' died with <Signals.SIGINT: 2>.
2024-04-10 11:37:38,074 - ERROR - Failed to download video ID q5q2dAkXXUk: Command '['yt-dlp', 'https://www.youtube.com/watch?v=q5q2dAkXXUk', '--output', 'data/youtube_videos/vid_q5q2dAkXXUk.%(ext)s', '-f', 'bestvideo[ext=mp4]+bestaudio[ext=m4a]/best[ext=mp4]/best', '--external-downloader', 'aria2c', '--external-downloader-args', '-x 8 -s 8 -k 1M --console-log-level=warn --quiet=true', '--progress']' died with <Signals.SIGINT: 2>.
2024-04-10 11:37:38,088 - ERROR - Failed to download video ID ulDXrM5Lwnc: Command '['yt-dlp', 'https://www.youtube.com/watch?v=ulDXrM5Lwnc', '--output', 'data/youtube_videos/vid_ulDXrM5Lwnc.%(ext)s', '-f', 'bestvideo[ext=mp4]+bestaudio[ext=m4a]/best[ext=mp4]/best', '--external-downloader', 'aria2c', '--external-downloader-args', '-x 8 -s 8 -k 1M --console-log-level=warn --quiet=true', '--progress']' died with <Signals.SIGINT: 2>.
2024-04-10 11:37:38,088 - ERROR - Failed to download video ID W6yBSO8SbCs: Command '['yt-dlp', 'https://www.youtube.com/watch?v=W6yBSO8SbCs', '--output', 'data/youtube_videos/vid_W6yBSO8SbCs.%(ext)s', '-f', 'bestvideo[ext=mp4]+bestaudio[ext=m4a]/best[ext=mp4]/best', '--external-downloader', 'aria2c', '--external-downloader-args', '-x 8 -s 8 -k 1M --console-log-level=warn --quiet=true', '--progress']' died with <Signals.SIGINT: 2>.
2024-04-10 11:37:38,088 - ERROR - Failed to download video ID 8raFJwf8u54: Command '['yt-dlp', 'https://www.youtube.com/watch?v=8raFJwf8u54', '--output', 'data/youtube_videos/vid_8raFJwf8u54.%(ext)s', '-f', 'bestvideo[ext=mp4]+bestaudio[ext=m4a]/best[ext=mp4]/best', '--external-downloader', 'aria2c', '--external-downloader-args', '-x 8 -s 8 -k 1M --console-log-level=warn --quiet=true', '--progress']' returned non-zero exit status 1.
2024-04-10 11:37:38,088 - ERROR - Failed to download video ID QYWgCbKgJrw: Command '['yt-dlp', 'https://www.youtube.com/watch?v=QYWgCbKgJrw', '--output', 'data/youtube_videos/vid_QYWgCbKgJrw.%(ext)s', '-f', 'bestvideo[ext=mp4]+bestaudio[ext=m4a]/best[ext=mp4]/best', '--external-downloader', 'aria2c', '--external-downloader-args', '-x 8 -s 8 -k 1M --console-log-level=warn --quiet=true', '--progress']' died with <Signals.SIGINT: 2>.
2024-04-10 11:37:38,088 - ERROR - Failed to download video ID XP4epRylx8M: Command '['yt-dlp', 'https://www.youtube.com/watch?v=XP4epRylx8M', '--output', 'data/youtube_videos/vid_XP4epRylx8M.%(ext)s', '-f', 'bestvideo[ext=mp4]+bestaudio[ext=m4a]/best[ext=mp4]/best', '--external-downloader', 'aria2c', '--external-downloader-args', '-x 8 -s 8 -k 1M --console-log-level=warn --quiet=true', '--progress']' died with <Signals.SIGINT: 2>.
2024-04-10 11:37:38,088 - ERROR - Failed to download video ID cGvK7M-qt5E: Command '['yt-dlp', 'https://www.youtube.com/watch?v=cGvK7M-qt5E', '--output', 'data/youtube_videos/vid_cGvK7M-qt5E.%(ext)s', '-f', 'bestvideo[ext=mp4]+bestaudio[ext=m4a]/best[ext=mp4]/best', '--external-downloader', 'aria2c', '--external-downloader-args', '-x 8 -s 8 -k 1M --console-log-level=warn --quiet=true', '--progress']' died with <Signals.SIGINT: 2>.
2024-04-10 11:37:38,088 - ERROR - Failed to download video ID 4z3mu63yxII: Command '['yt-dlp', 'https://www.youtube.com/watch?v=4z3mu63yxII', '--output', 'data/youtube_videos/vid_4z3mu63yxII.%(ext)s', '-f', 'bestvideo[ext=mp4]+bestaudio[ext=m4a]/best[ext=mp4]/best', '--external-downloader', 'aria2c', '--external-downloader-args', '-x 8 -s 8 -k 1M --console-log-level=warn --quiet=true', '--progress']' returned non-zero exit status 1.
2024-04-10 11:59:06,841 - ERROR - Failed to download video ID v5ErHv7hOxE: Command '['yt-dlp', 'https://www.youtube.com/watch?v=v5ErHv7hOxE', '--output', 'data/youtube_videos/vid_v5ErHv7hOxE.%(ext)s', '-f', 'bestvideo[ext=mp4]+bestaudio[ext=m4a]/best[ext=mp4]/best', '--external-downloader', 'aria2c', '--external-downloader-args', '-x 8 -s 8 -k 1M --console-log-level=warn --quiet=true', '--progress']' returned non-zero exit status 1.
2024-04-10 11:59:06,886 - ERROR - Failed to download video ID yhoNUHvhX2M: Command '['yt-dlp', 'https://www.youtube.com/watch?v=yhoNUHvhX2M', '--output', 'data/youtube_videos/vid_yhoNUHvhX2M.%(ext)s', '-f', 'bestvideo[ext=mp4]+bestaudio[ext=m4a]/best[ext=mp4]/best', '--external-downloader', 'aria2c', '--external-downloader-args', '-x 8 -s 8 -k 1M --console-log-level=warn --quiet=true', '--progress']' returned non-zero exit status 1.
2024-04-10 11:59:19,697 - INFO - Successfully downloaded video ID vJK6TN6FAKg to data/youtube_videos/vid_vJK6TN6FAKg.mp4
2024-04-10 11:59:19,706 - INFO - Successfully downloaded video ID V6nYRzhq54E to data/youtube_videos/vid_V6nYRzhq54E.mp4
2024-04-10 11:59:21,845 - INFO - Successfully downloaded video ID -QJw7ZjxAbw to data/youtube_videos/vid_-QJw7ZjxAbw.mp4
2024-04-10 11:59:23,176 - INFO - Successfully downloaded video ID M47oV0hSvKk to data/youtube_videos/vid_M47oV0hSvKk.mp4
2024-04-10 11:59:23,592 - INFO - Successfully downloaded video ID 5Zr7xZJxyF0 to data/youtube_videos/vid_5Zr7xZJxyF0.mp4
2024-04-10 11:59:25,128 - INFO - Successfully downloaded video ID luz0cF5MesQ to data/youtube_videos/vid_luz0cF5MesQ.mp4
2024-04-10 11:59:38,789 - INFO - Successfully downloaded video ID BBq4Dfrwn6s to data/youtube_videos/vid_BBq4Dfrwn6s.mp4
2024-04-10 12:00:12,359 - INFO - Successfully downloaded video ID 7p-3VN1_bpw to data/youtube_videos/vid_7p-3VN1_bpw.mp4
2024-04-10 12:25:12,726 - ERROR - Failed to download video clip for ID yhoNUHvhX2M_0: Command '['yt-dlp', 'https://www.youtube.com/watch?v=yhoNUHvhX2M', '--output', 'data/youtube_videos/clip_yhoNUHvhX2M_0.%(ext)s', '-f', 'bestvideo[ext=mp4]+bestaudio[ext=m4a]/best[ext=mp4]/best', '--external-downloader', 'aria2c', '--external-downloader-args', '-x 8 -s 8 -k 1M --console-log-level=warn --quiet=true', '--progress', '--postprocessor-args', 'ffmpeg:-ss 973.12 -to 979.44']' returned non-zero exit status 1.
2024-04-10 12:25:12,761 - ERROR - Failed to download video clip for ID v5ErHv7hOxE_0: Command '['yt-dlp', 'https://www.youtube.com/watch?v=v5ErHv7hOxE', '--output', 'data/youtube_videos/clip_v5ErHv7hOxE_0.%(ext)s', '-f', 'bestvideo[ext=mp4]+bestaudio[ext=m4a]/best[ext=mp4]/best', '--external-downloader', 'aria2c', '--external-downloader-args', '-x 8 -s 8 -k 1M --console-log-level=warn --quiet=true', '--progress', '--postprocessor-args', 'ffmpeg:-ss 29.76307 -to 35.00163']' returned non-zero exit status 1.
2024-04-10 12:25:13,994 - ERROR - Failed to download video clip for ID BBq4Dfrwn6s_0: Command '['yt-dlp', 'https://www.youtube.com/watch?v=BBq4Dfrwn6s', '--output', 'data/youtube_videos/clip_BBq4Dfrwn6s_0.%(ext)s', '-f', 'bestvideo[ext=mp4]+bestaudio[ext=m4a]/best[ext=mp4]/best', '--external-downloader', 'aria2c', '--external-downloader-args', '-x 8 -s 8 -k 1M --console-log-level=warn --quiet=true', '--progress', '--postprocessor-args', 'ffmpeg:-ss 208.0078 -to 211.97843']' returned non-zero exit status 1.
2024-04-10 12:25:13,994 - ERROR - Failed to download video clip for ID 5Zr7xZJxyF0_0: Command '['yt-dlp', 'https://www.youtube.com/watch?v=5Zr7xZJxyF0', '--output', 'data/youtube_videos/clip_5Zr7xZJxyF0_0.%(ext)s', '-f', 'bestvideo[ext=mp4]+bestaudio[ext=m4a]/best[ext=mp4]/best', '--external-downloader', 'aria2c', '--external-downloader-args', '-x 8 -s 8 -k 1M --console-log-level=warn --quiet=true', '--progress', '--postprocessor-args', 'ffmpeg:-ss 1035.07571 -to 1039.99729']' returned non-zero exit status 1.
2024-04-10 12:25:13,998 - ERROR - Failed to download video clip for ID vJK6TN6FAKg_0: Command '['yt-dlp', 'https://www.youtube.com/watch?v=vJK6TN6FAKg', '--output', 'data/youtube_videos/clip_vJK6TN6FAKg_0.%(ext)s', '-f', 'bestvideo[ext=mp4]+bestaudio[ext=m4a]/best[ext=mp4]/best', '--external-downloader', 'aria2c', '--external-downloader-args', '-x 8 -s 8 -k 1M --console-log-level=warn --quiet=true', '--progress', '--postprocessor-args', 'ffmpeg:-ss 1.36 -to 13.4']' returned non-zero exit status 1.
2024-04-10 12:25:13,998 - ERROR - Failed to download video clip for ID M47oV0hSvKk_0: Command '['yt-dlp', 'https://www.youtube.com/watch?v=M47oV0hSvKk', '--output', 'data/youtube_videos/clip_M47oV0hSvKk_0.%(ext)s', '-f', 'bestvideo[ext=mp4]+bestaudio[ext=m4a]/best[ext=mp4]/best', '--external-downloader', 'aria2c', '--external-downloader-args', '-x 8 -s 8 -k 1M --console-log-level=warn --quiet=true', '--progress', '--postprocessor-args', 'ffmpeg:-ss 13.8 -to 18.92']' returned non-zero exit status 1.
2024-04-10 12:25:13,999 - ERROR - Failed to download video clip for ID -QJw7ZjxAbw_0: Command '['yt-dlp', 'https://www.youtube.com/watch?v=-QJw7ZjxAbw', '--output', 'data/youtube_videos/clip_-QJw7ZjxAbw_0.%(ext)s', '-f', 'bestvideo[ext=mp4]+bestaudio[ext=m4a]/best[ext=mp4]/best', '--external-downloader', 'aria2c', '--external-downloader-args', '-x 8 -s 8 -k 1M --console-log-level=warn --quiet=true', '--progress', '--postprocessor-args', 'ffmpeg:-ss 57.2 -to 65.24']' returned non-zero exit status 1.
2024-04-10 12:25:13,999 - ERROR - Failed to download video clip for ID 7p-3VN1_bpw_0: Command '['yt-dlp', 'https://www.youtube.com/watch?v=7p-3VN1_bpw', '--output', 'data/youtube_videos/clip_7p-3VN1_bpw_0.%(ext)s', '-f', 'bestvideo[ext=mp4]+bestaudio[ext=m4a]/best[ext=mp4]/best', '--external-downloader', 'aria2c', '--external-downloader-args', '-x 8 -s 8 -k 1M --console-log-level=warn --quiet=true', '--progress', '--postprocessor-args', 'ffmpeg:-ss 8.25 -to 14.81667']' returned non-zero exit status 1.
2024-04-10 12:25:13,999 - ERROR - Failed to download video clip for ID V6nYRzhq54E_1: Command '['yt-dlp', 'https://www.youtube.com/watch?v=V6nYRzhq54E', '--output', 'data/youtube_videos/clip_V6nYRzhq54E_1.%(ext)s', '-f', 'bestvideo[ext=mp4]+bestaudio[ext=m4a]/best[ext=mp4]/best', '--external-downloader', 'aria2c', '--external-downloader-args', '-x 8 -s 8 -k 1M --console-log-level=warn --quiet=true', '--progress', '--postprocessor-args', 'ffmpeg:-ss 47.38067 -to 51.21783']' returned non-zero exit status 1.
2024-04-10 12:25:14,001 - ERROR - Failed to download video clip for ID luz0cF5MesQ_0: Command '['yt-dlp', 'https://www.youtube.com/watch?v=luz0cF5MesQ', '--output', 'data/youtube_videos/clip_luz0cF5MesQ_0.%(ext)s', '-f', 'bestvideo[ext=mp4]+bestaudio[ext=m4a]/best[ext=mp4]/best', '--external-downloader', 'aria2c', '--external-downloader-args', '-x 8 -s 8 -k 1M --console-log-level=warn --quiet=true', '--progress', '--postprocessor-args', 'ffmpeg:-ss 74.5745 -to 81.94853']' returned non-zero exit status 1.
2024-04-10 12:25:20,996 - ERROR - Failed to download video clip for ID yhoNUHvhX2M_0: Command '['yt-dlp', 'https://www.youtube.com/watch?v=yhoNUHvhX2M', '--output', 'data/youtube_videos/clip_yhoNUHvhX2M_0.%(ext)s', '-f', 'bestvideo[ext=mp4]+bestaudio[ext=m4a]/best[ext=mp4]/best', '--external-downloader', 'aria2c', '--external-downloader-args', '-x 8 -s 8 -k 1M --console-log-level=warn --quiet=true', '--progress', '--postprocessor-args', 'ffmpeg:-ss 973.12 -to 979.44']' returned non-zero exit status 1.
2024-04-10 12:25:20,998 - ERROR - Failed to download video clip for ID v5ErHv7hOxE_0: Command '['yt-dlp', 'https://www.youtube.com/watch?v=v5ErHv7hOxE', '--output', 'data/youtube_videos/clip_v5ErHv7hOxE_0.%(ext)s', '-f', 'bestvideo[ext=mp4]+bestaudio[ext=m4a]/best[ext=mp4]/best', '--external-downloader', 'aria2c', '--external-downloader-args', '-x 8 -s 8 -k 1M --console-log-level=warn --quiet=true', '--progress', '--postprocessor-args', 'ffmpeg:-ss 29.76307 -to 35.00163']' returned non-zero exit status 1.
2024-04-10 12:25:33,473 - INFO - Successfully downloaded video clip for ID vJK6TN6FAKg_0 to data/youtube_videos/clip_vJK6TN6FAKg_0.mp4
2024-04-10 12:25:33,516 - INFO - Successfully downloaded video clip for ID V6nYRzhq54E_1 to data/youtube_videos/clip_V6nYRzhq54E_1.mp4
2024-04-10 12:25:33,555 - ERROR - Failed to process Clip+V6nYRzhq54E+P1+C0+F1420-1535.txt: 'video_fps'
2024-04-10 12:25:33,900 - ERROR - Failed to process Clip+vJK6TN6FAKg+P0+C0+F34-335.txt: Error in file data/youtube_videos/clip_vJK6TN6FAKg_0.mp4, Accessing time t=12.09-12.13 seconds, with clip duration=12 seconds, 
2024-04-10 12:25:36,088 - INFO - Successfully downloaded video clip for ID -QJw7ZjxAbw_0 to data/youtube_videos/clip_-QJw7ZjxAbw_0.mp4
2024-04-10 12:25:36,304 - ERROR - Failed to process Clip+-QJw7ZjxAbw+P0+C2+F1430-1631.txt: t_start (57.20) should be smaller than the clip's duration (8.03).
2024-04-10 12:25:37,528 - INFO - Successfully downloaded video clip for ID M47oV0hSvKk_0 to data/youtube_videos/clip_M47oV0hSvKk_0.mp4
2024-04-10 12:25:37,625 - INFO - Successfully downloaded video clip for ID 5Zr7xZJxyF0_0 to data/youtube_videos/clip_5Zr7xZJxyF0_0.mp4
2024-04-10 12:25:37,734 - ERROR - Failed to process Clip+M47oV0hSvKk+P0+C0+F345-473.txt: t_start (13.80) should be smaller than the clip's duration (5.14).
2024-04-10 12:25:37,831 - ERROR - Failed to process Clip+5Zr7xZJxyF0+P0+C1+F24817-24935.txt: t_start (1035.08) should be smaller than the clip's duration (4.92).
2024-04-10 12:25:39,932 - INFO - Successfully downloaded video clip for ID luz0cF5MesQ_0 to data/youtube_videos/clip_luz0cF5MesQ_0.mp4
2024-04-10 12:25:40,106 - ERROR - Failed to process Clip+luz0cF5MesQ+P0+C1+F2235-2456.txt: t_start (74.57) should be smaller than the clip's duration (7.40).
2024-04-10 12:25:53,179 - INFO - Successfully downloaded video clip for ID BBq4Dfrwn6s_0 to data/youtube_videos/clip_BBq4Dfrwn6s_0.mp4
2024-04-10 12:25:53,430 - ERROR - Failed to process Clip+BBq4Dfrwn6s+P0+C0+F6234-6353.txt: t_start (208.01) should be smaller than the clip's duration (3.98).
2024-04-10 12:26:25,166 - ERROR - Failed to download video clip for ID 7p-3VN1_bpw_0: Command '['yt-dlp', 'https://www.youtube.com/watch?v=7p-3VN1_bpw', '--output', 'data/youtube_videos/clip_7p-3VN1_bpw_0.%(ext)s', '-f', 'bestvideo[ext=mp4]+bestaudio[ext=m4a]/best[ext=mp4]/best', '--external-downloader', 'aria2c', '--external-downloader-args', '-x 8 -s 8 -k 1M --console-log-level=warn --quiet=true', '--progress', '--postprocessor-args', 'ffmpeg:-ss 8.25 -to 14.81667']' returned non-zero exit status 1.
2024-04-10 12:28:26,051 - INFO - Successfully downloaded video clip for ID vJK6TN6FAKg_0 to data/youtube_videos/clip_vJK6TN6FAKg_0.mp4
2024-04-10 12:28:30,618 - WARNING - /Users/anjieyang/Documents/Development/VFHQ-downloader/venv/lib/python3.12/site-packages/moviepy/video/io/ffmpeg_reader.py:123: UserWarning: Warning: in file data/youtube_videos/clip_vJK6TN6FAKg_0.mp4, 6220800 bytes wanted but 0 bytes read,at frame 301/302, at time 12.04/12.05 sec. Using the last valid frame instead.
  warnings.warn("Warning: in file %s, "%(self.filename)+

2024-04-10 12:30:59,780 - INFO - Successfully downloaded video clip for ID vJK6TN6FAKg_0 to data/youtube_videos/clip_vJK6TN6FAKg_0.mp4
2024-04-10 12:31:04,233 - WARNING - /Users/anjieyang/Documents/Development/VFHQ-downloader/venv/lib/python3.12/site-packages/moviepy/video/io/ffmpeg_reader.py:123: UserWarning: Warning: in file data/youtube_videos/clip_vJK6TN6FAKg_0.mp4, 6220800 bytes wanted but 0 bytes read,at frame 301/302, at time 12.04/12.05 sec. Using the last valid frame instead.
  warnings.warn("Warning: in file %s, "%(self.filename)+

